<html>
<head>
<title>TestNG:  Test</title>
<link href="../testng.css" rel="stylesheet" type="text/css" />
<link href="../my-testng.css" rel="stylesheet" type="text/css" />

<style type="text/css">
.log { display: none;} 
.stack-trace { display: none;} 
</style>
<script type="text/javascript">
<!--
function flip(e) {
  current = e.style.display;
  if (current == 'block') {
    e.style.display = 'none';
    return 0;
  }
  else {
    e.style.display = 'block';
    return 1;
  }
}

function toggleBox(szDivId, elem, msg1, msg2)
{
  var res = -1;  if (document.getElementById) {
    res = flip(document.getElementById(szDivId));
  }
  else if (document.all) {
    // this is the way old msie versions work
    res = flip(document.all[szDivId]);
  }
  if(elem) {
    if(res == 0) elem.innerHTML = msg1; else elem.innerHTML = msg2;
  }

}

function toggleAllBoxes() {
  if (document.getElementsByTagName) {
    d = document.getElementsByTagName('div');
    for (i = 0; i < d.length; i++) {
      if (d[i].className == 'log') {
        flip(d[i]);
      }
    }
  }
}

// -->
</script>

</head>
<body>
<h2 align='center'>Test</h2><table border='1' align="center">
<tr>
<td>Tests passed/Failed/Skipped:</td><td>71/7/0</td>
</tr><tr>
<td>Started on:</td><td>Wed Oct 09 02:12:45 EDT 2024</td>
</tr>
<tr><td>Total time:</td><td>46 seconds (46191 ms)</td>
</tr><tr>
<td>Included groups:</td><td></td>
</tr><tr>
<td>Excluded groups:</td><td></td>
</tr>
</table><p/>
<small><i>(Hover the method name to see the test class name)</i></small><p/>
<table width='100%' border='1' class='invocation-failed'>
<tr><td colspan='4' align='center'><b>FAILED TESTS</b></td></tr>
<tr><td><b>Test method</b></td>
<td width="30%"><b>Exception</b></td>
<td width="10%"><b>Time (seconds)</b></td>
<td><b>Instance</b></td>
</tr>
<tr>
<td title='testNGDemo.TestScenario1.first_testcase()'><b>first_testcase</b><br>Test class: testNGDemo.TestScenario1</td>
<td><div><pre>java.lang.AssertionError: thhis validation failed expected [false] but found [true]
	at testNGDemo.TestScenario1.first_testcase(TestScenario1.java:14)
	at java.base/java.util.ArrayList.forEach(ArrayList.java:1597)
... Removed 30 stack frames</pre></div><a href='#' onClick='toggleBox("stack-trace846918683", this, "Click to show all stack frames", "Click to hide stack frames")'>Click to show all stack frames</a>
<div class='stack-trace' id='stack-trace846918683'><pre>java.lang.AssertionError: thhis validation failed expected [false] but found [true]
	at org.testng.Assert.fail(Assert.java:99)
	at org.testng.Assert.failNotEquals(Assert.java:1037)
	at org.testng.Assert.assertEqualsImpl(Assert.java:140)
	at org.testng.Assert.assertEquals(Assert.java:122)
	at org.testng.Assert.assertEquals(Assert.java:819)
	at testNGDemo.TestScenario1.first_testcase(TestScenario1.java:14)
	at java.base/jdk.internal.reflect.DirectMethodHandleAccessor.invoke(DirectMethodHandleAccessor.java:103)
	at java.base/java.lang.reflect.Method.invoke(Method.java:580)
	at org.testng.internal.MethodInvocationHelper.invokeMethod(MethodInvocationHelper.java:133)
	at org.testng.internal.TestInvoker.invokeMethod(TestInvoker.java:598)
	at org.testng.internal.TestInvoker.invokeTestMethod(TestInvoker.java:173)
	at org.testng.internal.MethodRunner.runInSequence(MethodRunner.java:46)
	at org.testng.internal.TestInvoker$MethodInvocationAgent.invoke(TestInvoker.java:824)
	at org.testng.internal.TestInvoker.invokeTestMethods(TestInvoker.java:146)
	at org.testng.internal.TestMethodWorker.invokeTestMethods(TestMethodWorker.java:146)
	at org.testng.internal.TestMethodWorker.run(TestMethodWorker.java:128)
	at java.base/java.util.ArrayList.forEach(ArrayList.java:1597)
	at org.testng.TestRunner.privateRun(TestRunner.java:794)
	at org.testng.TestRunner.run(TestRunner.java:596)
	at org.testng.SuiteRunner.runTest(SuiteRunner.java:377)
	at org.testng.SuiteRunner.runSequentially(SuiteRunner.java:371)
	at org.testng.SuiteRunner.privateRun(SuiteRunner.java:332)
	at org.testng.SuiteRunner.run(SuiteRunner.java:276)
	at org.testng.SuiteRunnerWorker.runSuite(SuiteRunnerWorker.java:53)
	at org.testng.SuiteRunnerWorker.run(SuiteRunnerWorker.java:96)
	at org.testng.TestNG.runSuitesSequentially(TestNG.java:1212)
	at org.testng.TestNG.runSuitesLocally(TestNG.java:1134)
	at org.testng.TestNG.runSuites(TestNG.java:1063)
	at org.testng.TestNG.run(TestNG.java:1031)
	at org.testng.remote.AbstractRemoteTestNG.run(AbstractRemoteTestNG.java:115)
	at org.testng.remote.RemoteTestNG.initAndRun(RemoteTestNG.java:293)
	at org.testng.remote.RemoteTestNG.main(RemoteTestNG.java:91)
</pre></div></td>
<td>0</td>
<td>testNGDemo.TestScenario1@6933b6c6</td></tr>
<tr>
<td title='testNGDemo.TestScenario7.seventh_testcase()'><b>seventh_testcase</b><br>Test class: testNGDemo.TestScenario7</td>
<td><div><pre>java.lang.AssertionError: expected [Hello2] but found [Hello]
	at testNGDemo.TestScenario7.seventh_testcase(TestScenario7.java:48)
	at java.base/java.util.ArrayList.forEach(ArrayList.java:1597)
... Removed 31 stack frames</pre></div><a href='#' onClick='toggleBox("stack-trace1465346452", this, "Click to show all stack frames", "Click to hide stack frames")'>Click to show all stack frames</a>
<div class='stack-trace' id='stack-trace1465346452'><pre>java.lang.AssertionError: expected [Hello2] but found [Hello]
	at org.testng.Assert.fail(Assert.java:99)
	at org.testng.Assert.failNotEquals(Assert.java:1037)
	at org.testng.Assert.assertEqualsImpl(Assert.java:140)
	at org.testng.Assert.assertEquals(Assert.java:122)
	at org.testng.Assert.assertEquals(Assert.java:629)
	at org.testng.Assert.assertEquals(Assert.java:639)
	at testNGDemo.TestScenario7.seventh_testcase(TestScenario7.java:48)
	at java.base/jdk.internal.reflect.DirectMethodHandleAccessor.invoke(DirectMethodHandleAccessor.java:103)
	at java.base/java.lang.reflect.Method.invoke(Method.java:580)
	at org.testng.internal.MethodInvocationHelper.invokeMethod(MethodInvocationHelper.java:133)
	at org.testng.internal.TestInvoker.invokeMethod(TestInvoker.java:598)
	at org.testng.internal.TestInvoker.invokeTestMethod(TestInvoker.java:173)
	at org.testng.internal.MethodRunner.runInSequence(MethodRunner.java:46)
	at org.testng.internal.TestInvoker$MethodInvocationAgent.invoke(TestInvoker.java:824)
	at org.testng.internal.TestInvoker.invokeTestMethods(TestInvoker.java:146)
	at org.testng.internal.TestMethodWorker.invokeTestMethods(TestMethodWorker.java:146)
	at org.testng.internal.TestMethodWorker.run(TestMethodWorker.java:128)
	at java.base/java.util.ArrayList.forEach(ArrayList.java:1597)
	at org.testng.TestRunner.privateRun(TestRunner.java:794)
	at org.testng.TestRunner.run(TestRunner.java:596)
	at org.testng.SuiteRunner.runTest(SuiteRunner.java:377)
	at org.testng.SuiteRunner.runSequentially(SuiteRunner.java:371)
	at org.testng.SuiteRunner.privateRun(SuiteRunner.java:332)
	at org.testng.SuiteRunner.run(SuiteRunner.java:276)
	at org.testng.SuiteRunnerWorker.runSuite(SuiteRunnerWorker.java:53)
	at org.testng.SuiteRunnerWorker.run(SuiteRunnerWorker.java:96)
	at org.testng.TestNG.runSuitesSequentially(TestNG.java:1212)
	at org.testng.TestNG.runSuitesLocally(TestNG.java:1134)
	at org.testng.TestNG.runSuites(TestNG.java:1063)
	at org.testng.TestNG.run(TestNG.java:1031)
	at org.testng.remote.AbstractRemoteTestNG.run(AbstractRemoteTestNG.java:115)
	at org.testng.remote.RemoteTestNG.initAndRun(RemoteTestNG.java:293)
	at org.testng.remote.RemoteTestNG.main(RemoteTestNG.java:91)
</pre></div></td>
<td>0</td>
<td>testNGDemo.TestScenario7@6f43c82</td></tr>
<tr>
<td title='testNGDemo.TestScenario2.sixth_testcase()'><b>sixth_testcase</b><br>Test class: testNGDemo.TestScenario2</td>
<td><div><pre>java.lang.AssertionError: expected [Hello1] but found [Hello]
	at testNGDemo.TestScenario2.sixth_testcase(TestScenario2.java:42)
	at java.base/java.util.ArrayList.forEach(ArrayList.java:1597)
... Removed 31 stack frames</pre></div><a href='#' onClick='toggleBox("stack-trace691098155", this, "Click to show all stack frames", "Click to hide stack frames")'>Click to show all stack frames</a>
<div class='stack-trace' id='stack-trace691098155'><pre>java.lang.AssertionError: expected [Hello1] but found [Hello]
	at org.testng.Assert.fail(Assert.java:99)
	at org.testng.Assert.failNotEquals(Assert.java:1037)
	at org.testng.Assert.assertEqualsImpl(Assert.java:140)
	at org.testng.Assert.assertEquals(Assert.java:122)
	at org.testng.Assert.assertEquals(Assert.java:629)
	at org.testng.Assert.assertEquals(Assert.java:639)
	at testNGDemo.TestScenario2.sixth_testcase(TestScenario2.java:42)
	at java.base/jdk.internal.reflect.DirectMethodHandleAccessor.invoke(DirectMethodHandleAccessor.java:103)
	at java.base/java.lang.reflect.Method.invoke(Method.java:580)
	at org.testng.internal.MethodInvocationHelper.invokeMethod(MethodInvocationHelper.java:133)
	at org.testng.internal.TestInvoker.invokeMethod(TestInvoker.java:598)
	at org.testng.internal.TestInvoker.invokeTestMethod(TestInvoker.java:173)
	at org.testng.internal.MethodRunner.runInSequence(MethodRunner.java:46)
	at org.testng.internal.TestInvoker$MethodInvocationAgent.invoke(TestInvoker.java:824)
	at org.testng.internal.TestInvoker.invokeTestMethods(TestInvoker.java:146)
	at org.testng.internal.TestMethodWorker.invokeTestMethods(TestMethodWorker.java:146)
	at org.testng.internal.TestMethodWorker.run(TestMethodWorker.java:128)
	at java.base/java.util.ArrayList.forEach(ArrayList.java:1597)
	at org.testng.TestRunner.privateRun(TestRunner.java:794)
	at org.testng.TestRunner.run(TestRunner.java:596)
	at org.testng.SuiteRunner.runTest(SuiteRunner.java:377)
	at org.testng.SuiteRunner.runSequentially(SuiteRunner.java:371)
	at org.testng.SuiteRunner.privateRun(SuiteRunner.java:332)
	at org.testng.SuiteRunner.run(SuiteRunner.java:276)
	at org.testng.SuiteRunnerWorker.runSuite(SuiteRunnerWorker.java:53)
	at org.testng.SuiteRunnerWorker.run(SuiteRunnerWorker.java:96)
	at org.testng.TestNG.runSuitesSequentially(TestNG.java:1212)
	at org.testng.TestNG.runSuitesLocally(TestNG.java:1134)
	at org.testng.TestNG.runSuites(TestNG.java:1063)
	at org.testng.TestNG.run(TestNG.java:1031)
	at org.testng.remote.AbstractRemoteTestNG.run(AbstractRemoteTestNG.java:115)
	at org.testng.remote.RemoteTestNG.initAndRun(RemoteTestNG.java:293)
	at org.testng.remote.RemoteTestNG.main(RemoteTestNG.java:91)
</pre></div></td>
<td>0</td>
<td>testNGDemo.TestScenario2@7bbc8656</td></tr>
<tr>
<td title='org.testingworldautomation.TestingWorldSite.login_page()'><b>login_page</b><br>Test class: org.testingworldautomation.TestingWorldSite</td>
<td><div><pre>org.openqa.selenium.ElementNotInteractableException: element not interactable
  (Session info: chrome=128.0.6613.137)
Build info: version: &apos;4.25.0&apos;, revision: &apos;8a8aea2337&apos;
System info: os.name: &apos;Windows 11&apos;, os.arch: &apos;amd64&apos;, os.version: &apos;10.0&apos;, java.version: &apos;22.0.2&apos;
Driver info: org.openqa.selenium.chrome.ChromeDriver
Command: [be0e8809adebe4841c31d5daefbfe6c4, clickElement {id=f.20A5A1E1F03550DF5D8D649A9B4E51C0.d.36AB685C5264737C2ACF16559932E30F.e.51}]
Capabilities {acceptInsecureCerts: false, browserName: chrome, browserVersion: 128.0.6613.137, chrome: {chromedriverVersion: 128.0.6613.137 (fe621c5aa2d..., userDataDir: C:\Users\Naimu\AppData\Loca...}, fedcm:accounts: true, goog:chromeOptions: {debuggerAddress: localhost:65084}, networkConnectionEnabled: false, pageLoadStrategy: normal, platformName: windows, proxy: Proxy(), se:cdp: ws://localhost:65084/devtoo..., se:cdpVersion: 128.0.6613.137, setWindowRect: true, strictFileInteractability: false, timeouts: {implicit: 0, pageLoad: 300000, script: 30000}, unhandledPromptBehavior: dismiss and notify, webauthn:extension:credBlob: true, webauthn:extension:largeBlob: true, webauthn:extension:minPinLength: true, webauthn:extension:prf: true, webauthn:virtualAuthenticators: true}
Element: [[ChromeDriver: chrome on windows (be0e8809adebe4841c31d5daefbfe6c4)] -&gt; xpath: //input[@type=&apos;submit&apos;and@value=&apos;Sign up&apos;]]
Session ID: be0e8809adebe4841c31d5daefbfe6c4
	at org.openqa.selenium.remote.ErrorCodec.decode(ErrorCodec.java:167)
	at org.openqa.selenium.remote.codec.w3c.W3CHttpResponseCodec.decode(W3CHttpResponseCodec.java:138)
	at org.openqa.selenium.remote.codec.w3c.W3CHttpResponseCodec.decode(W3CHttpResponseCodec.java:50)
	at org.openqa.selenium.remote.HttpCommandExecutor.execute(HttpCommandExecutor.java:190)
	at org.openqa.selenium.remote.service.DriverCommandExecutor.invokeExecute(DriverCommandExecutor.java:216)
	at org.openqa.selenium.remote.service.DriverCommandExecutor.execute(DriverCommandExecutor.java:174)
	at org.openqa.selenium.remote.RemoteWebDriver.execute(RemoteWebDriver.java:545)
	at org.openqa.selenium.remote.RemoteWebElement.execute(RemoteWebElement.java:223)
	at org.openqa.selenium.remote.RemoteWebElement.click(RemoteWebElement.java:76)
	at org.testingworldautomation.TestingWorldSite.login_page(TestingWorldSite.java:75)
	at java.base/java.util.ArrayList.forEach(ArrayList.java:1597)
... Removed 28 stack frames</pre></div><a href='#' onClick='toggleBox("stack-trace624693846", this, "Click to show all stack frames", "Click to hide stack frames")'>Click to show all stack frames</a>
<div class='stack-trace' id='stack-trace624693846'><pre>org.openqa.selenium.ElementNotInteractableException: element not interactable
  (Session info: chrome=128.0.6613.137)
Build info: version: &apos;4.25.0&apos;, revision: &apos;8a8aea2337&apos;
System info: os.name: &apos;Windows 11&apos;, os.arch: &apos;amd64&apos;, os.version: &apos;10.0&apos;, java.version: &apos;22.0.2&apos;
Driver info: org.openqa.selenium.chrome.ChromeDriver
Command: [be0e8809adebe4841c31d5daefbfe6c4, clickElement {id=f.20A5A1E1F03550DF5D8D649A9B4E51C0.d.36AB685C5264737C2ACF16559932E30F.e.51}]
Capabilities {acceptInsecureCerts: false, browserName: chrome, browserVersion: 128.0.6613.137, chrome: {chromedriverVersion: 128.0.6613.137 (fe621c5aa2d..., userDataDir: C:\Users\Naimu\AppData\Loca...}, fedcm:accounts: true, goog:chromeOptions: {debuggerAddress: localhost:65084}, networkConnectionEnabled: false, pageLoadStrategy: normal, platformName: windows, proxy: Proxy(), se:cdp: ws://localhost:65084/devtoo..., se:cdpVersion: 128.0.6613.137, setWindowRect: true, strictFileInteractability: false, timeouts: {implicit: 0, pageLoad: 300000, script: 30000}, unhandledPromptBehavior: dismiss and notify, webauthn:extension:credBlob: true, webauthn:extension:largeBlob: true, webauthn:extension:minPinLength: true, webauthn:extension:prf: true, webauthn:virtualAuthenticators: true}
Element: [[ChromeDriver: chrome on windows (be0e8809adebe4841c31d5daefbfe6c4)] -&gt; xpath: //input[@type=&apos;submit&apos;and@value=&apos;Sign up&apos;]]
Session ID: be0e8809adebe4841c31d5daefbfe6c4
	at java.base/jdk.internal.reflect.DirectConstructorHandleAccessor.newInstance(DirectConstructorHandleAccessor.java:62)
	at java.base/java.lang.reflect.Constructor.newInstanceWithCaller(Constructor.java:502)
	at java.base/java.lang.reflect.Constructor.newInstance(Constructor.java:486)
	at org.openqa.selenium.remote.ErrorCodec.decode(ErrorCodec.java:167)
	at org.openqa.selenium.remote.codec.w3c.W3CHttpResponseCodec.decode(W3CHttpResponseCodec.java:138)
	at org.openqa.selenium.remote.codec.w3c.W3CHttpResponseCodec.decode(W3CHttpResponseCodec.java:50)
	at org.openqa.selenium.remote.HttpCommandExecutor.execute(HttpCommandExecutor.java:190)
	at org.openqa.selenium.remote.service.DriverCommandExecutor.invokeExecute(DriverCommandExecutor.java:216)
	at org.openqa.selenium.remote.service.DriverCommandExecutor.execute(DriverCommandExecutor.java:174)
	at org.openqa.selenium.remote.RemoteWebDriver.execute(RemoteWebDriver.java:545)
	at org.openqa.selenium.remote.RemoteWebElement.execute(RemoteWebElement.java:223)
	at org.openqa.selenium.remote.RemoteWebElement.click(RemoteWebElement.java:76)
	at org.testingworldautomation.TestingWorldSite.login_page(TestingWorldSite.java:75)
	at java.base/jdk.internal.reflect.DirectMethodHandleAccessor.invoke(DirectMethodHandleAccessor.java:103)
	at java.base/java.lang.reflect.Method.invoke(Method.java:580)
	at org.testng.internal.MethodInvocationHelper.invokeMethod(MethodInvocationHelper.java:133)
	at org.testng.internal.TestInvoker.invokeMethod(TestInvoker.java:598)
	at org.testng.internal.TestInvoker.invokeTestMethod(TestInvoker.java:173)
	at org.testng.internal.MethodRunner.runInSequence(MethodRunner.java:46)
	at org.testng.internal.TestInvoker$MethodInvocationAgent.invoke(TestInvoker.java:824)
	at org.testng.internal.TestInvoker.invokeTestMethods(TestInvoker.java:146)
	at org.testng.internal.TestMethodWorker.invokeTestMethods(TestMethodWorker.java:146)
	at org.testng.internal.TestMethodWorker.run(TestMethodWorker.java:128)
	at java.base/java.util.ArrayList.forEach(ArrayList.java:1597)
	at org.testng.TestRunner.privateRun(TestRunner.java:794)
	at org.testng.TestRunner.run(TestRunner.java:596)
	at org.testng.SuiteRunner.runTest(SuiteRunner.java:377)
	at org.testng.SuiteRunner.runSequentially(SuiteRunner.java:371)
	at org.testng.SuiteRunner.privateRun(SuiteRunner.java:332)
	at org.testng.SuiteRunner.run(SuiteRunner.java:276)
	at org.testng.SuiteRunnerWorker.runSuite(SuiteRunnerWorker.java:53)
	at org.testng.SuiteRunnerWorker.run(SuiteRunnerWorker.java:96)
	at org.testng.TestNG.runSuitesSequentially(TestNG.java:1212)
	at org.testng.TestNG.runSuitesLocally(TestNG.java:1134)
	at org.testng.TestNG.runSuites(TestNG.java:1063)
	at org.testng.TestNG.run(TestNG.java:1031)
	at org.testng.remote.AbstractRemoteTestNG.run(AbstractRemoteTestNG.java:115)
	at org.testng.remote.RemoteTestNG.initAndRun(RemoteTestNG.java:293)
	at org.testng.remote.RemoteTestNG.main(RemoteTestNG.java:91)
</pre></div></td>
<td>2</td>
<td>org.testingworldautomation.TestingWorldSite@1f9e9475</td></tr>
<tr>
<td title='org.testingworldautomation.TestingWorldSite.registration_page()'><b>registration_page</b><br>Test class: org.testingworldautomation.TestingWorldSite</td>
<td><div><pre>org.openqa.selenium.NoSuchElementException: no such element: Unable to locate element: {&quot;method&quot;:&quot;xpath&quot;,&quot;selector&quot;:&quot;//em[text()=&apos;I agree with terms and conditions&apos;]&quot;}
  (Session info: chrome=128.0.6613.137)
For documentation on this error, please visit: https://www.selenium.dev/documentation/webdriver/troubleshooting/errors#no-such-element-exception
Build info: version: &apos;4.25.0&apos;, revision: &apos;8a8aea2337&apos;
System info: os.name: &apos;Windows 11&apos;, os.arch: &apos;amd64&apos;, os.version: &apos;10.0&apos;, java.version: &apos;22.0.2&apos;
Driver info: org.openqa.selenium.chrome.ChromeDriver
Command: [28eb6e74b04f0f1f8444ad14b035bfed, findElement {value=//em[text()=&apos;I agree with terms and conditions&apos;], using=xpath}]
Capabilities {acceptInsecureCerts: false, browserName: chrome, browserVersion: 128.0.6613.137, chrome: {chromedriverVersion: 128.0.6613.137 (fe621c5aa2d..., userDataDir: C:\Users\Naimu\AppData\Loca...}, fedcm:accounts: true, goog:chromeOptions: {debuggerAddress: localhost:65111}, networkConnectionEnabled: false, pageLoadStrategy: normal, platformName: windows, proxy: Proxy(), se:cdp: ws://localhost:65111/devtoo..., se:cdpVersion: 128.0.6613.137, setWindowRect: true, strictFileInteractability: false, timeouts: {implicit: 0, pageLoad: 300000, script: 30000}, unhandledPromptBehavior: dismiss and notify, webauthn:extension:credBlob: true, webauthn:extension:largeBlob: true, webauthn:extension:minPinLength: true, webauthn:extension:prf: true, webauthn:virtualAuthenticators: true}
Session ID: 28eb6e74b04f0f1f8444ad14b035bfed
	at org.openqa.selenium.remote.ErrorCodec.decode(ErrorCodec.java:167)
	at org.openqa.selenium.remote.codec.w3c.W3CHttpResponseCodec.decode(W3CHttpResponseCodec.java:138)
	at org.openqa.selenium.remote.codec.w3c.W3CHttpResponseCodec.decode(W3CHttpResponseCodec.java:50)
	at org.openqa.selenium.remote.HttpCommandExecutor.execute(HttpCommandExecutor.java:190)
	at org.openqa.selenium.remote.service.DriverCommandExecutor.invokeExecute(DriverCommandExecutor.java:216)
	at org.openqa.selenium.remote.service.DriverCommandExecutor.execute(DriverCommandExecutor.java:174)
	at org.openqa.selenium.remote.RemoteWebDriver.execute(RemoteWebDriver.java:545)
	at org.openqa.selenium.remote.ElementLocation$ElementFinder$2.findElement(ElementLocation.java:165)
	at org.openqa.selenium.remote.ElementLocation.findElement(ElementLocation.java:59)
	at org.openqa.selenium.remote.RemoteWebDriver.findElement(RemoteWebDriver.java:368)
	at org.openqa.selenium.remote.RemoteWebDriver.findElement(RemoteWebDriver.java:362)
	at org.testingworldautomation.TestingWorldSite.registration_page(TestingWorldSite.java:56)
	at java.base/java.util.ArrayList.forEach(ArrayList.java:1597)
... Removed 28 stack frames</pre></div><a href='#' onClick='toggleBox("stack-trace1260308116", this, "Click to show all stack frames", "Click to hide stack frames")'>Click to show all stack frames</a>
<div class='stack-trace' id='stack-trace1260308116'><pre>org.openqa.selenium.NoSuchElementException: no such element: Unable to locate element: {&quot;method&quot;:&quot;xpath&quot;,&quot;selector&quot;:&quot;//em[text()=&apos;I agree with terms and conditions&apos;]&quot;}
  (Session info: chrome=128.0.6613.137)
For documentation on this error, please visit: https://www.selenium.dev/documentation/webdriver/troubleshooting/errors#no-such-element-exception
Build info: version: &apos;4.25.0&apos;, revision: &apos;8a8aea2337&apos;
System info: os.name: &apos;Windows 11&apos;, os.arch: &apos;amd64&apos;, os.version: &apos;10.0&apos;, java.version: &apos;22.0.2&apos;
Driver info: org.openqa.selenium.chrome.ChromeDriver
Command: [28eb6e74b04f0f1f8444ad14b035bfed, findElement {value=//em[text()=&apos;I agree with terms and conditions&apos;], using=xpath}]
Capabilities {acceptInsecureCerts: false, browserName: chrome, browserVersion: 128.0.6613.137, chrome: {chromedriverVersion: 128.0.6613.137 (fe621c5aa2d..., userDataDir: C:\Users\Naimu\AppData\Loca...}, fedcm:accounts: true, goog:chromeOptions: {debuggerAddress: localhost:65111}, networkConnectionEnabled: false, pageLoadStrategy: normal, platformName: windows, proxy: Proxy(), se:cdp: ws://localhost:65111/devtoo..., se:cdpVersion: 128.0.6613.137, setWindowRect: true, strictFileInteractability: false, timeouts: {implicit: 0, pageLoad: 300000, script: 30000}, unhandledPromptBehavior: dismiss and notify, webauthn:extension:credBlob: true, webauthn:extension:largeBlob: true, webauthn:extension:minPinLength: true, webauthn:extension:prf: true, webauthn:virtualAuthenticators: true}
Session ID: 28eb6e74b04f0f1f8444ad14b035bfed
	at java.base/jdk.internal.reflect.DirectConstructorHandleAccessor.newInstance(DirectConstructorHandleAccessor.java:62)
	at java.base/java.lang.reflect.Constructor.newInstanceWithCaller(Constructor.java:502)
	at java.base/java.lang.reflect.Constructor.newInstance(Constructor.java:486)
	at org.openqa.selenium.remote.ErrorCodec.decode(ErrorCodec.java:167)
	at org.openqa.selenium.remote.codec.w3c.W3CHttpResponseCodec.decode(W3CHttpResponseCodec.java:138)
	at org.openqa.selenium.remote.codec.w3c.W3CHttpResponseCodec.decode(W3CHttpResponseCodec.java:50)
	at org.openqa.selenium.remote.HttpCommandExecutor.execute(HttpCommandExecutor.java:190)
	at org.openqa.selenium.remote.service.DriverCommandExecutor.invokeExecute(DriverCommandExecutor.java:216)
	at org.openqa.selenium.remote.service.DriverCommandExecutor.execute(DriverCommandExecutor.java:174)
	at org.openqa.selenium.remote.RemoteWebDriver.execute(RemoteWebDriver.java:545)
	at org.openqa.selenium.remote.ElementLocation$ElementFinder$2.findElement(ElementLocation.java:165)
	at org.openqa.selenium.remote.ElementLocation.findElement(ElementLocation.java:59)
	at org.openqa.selenium.remote.RemoteWebDriver.findElement(RemoteWebDriver.java:368)
	at org.openqa.selenium.remote.RemoteWebDriver.findElement(RemoteWebDriver.java:362)
	at org.testingworldautomation.TestingWorldSite.registration_page(TestingWorldSite.java:56)
	at java.base/jdk.internal.reflect.DirectMethodHandleAccessor.invoke(DirectMethodHandleAccessor.java:103)
	at java.base/java.lang.reflect.Method.invoke(Method.java:580)
	at org.testng.internal.MethodInvocationHelper.invokeMethod(MethodInvocationHelper.java:133)
	at org.testng.internal.TestInvoker.invokeMethod(TestInvoker.java:598)
	at org.testng.internal.TestInvoker.invokeTestMethod(TestInvoker.java:173)
	at org.testng.internal.MethodRunner.runInSequence(MethodRunner.java:46)
	at org.testng.internal.TestInvoker$MethodInvocationAgent.invoke(TestInvoker.java:824)
	at org.testng.internal.TestInvoker.invokeTestMethods(TestInvoker.java:146)
	at org.testng.internal.TestMethodWorker.invokeTestMethods(TestMethodWorker.java:146)
	at org.testng.internal.TestMethodWorker.run(TestMethodWorker.java:128)
	at java.base/java.util.ArrayList.forEach(ArrayList.java:1597)
	at org.testng.TestRunner.privateRun(TestRunner.java:794)
	at org.testng.TestRunner.run(TestRunner.java:596)
	at org.testng.SuiteRunner.runTest(SuiteRunner.java:377)
	at org.testng.SuiteRunner.runSequentially(SuiteRunner.java:371)
	at org.testng.SuiteRunner.privateRun(SuiteRunner.java:332)
	at org.testng.SuiteRunner.run(SuiteRunner.java:276)
	at org.testng.SuiteRunnerWorker.runSuite(SuiteRunnerWorker.java:53)
	at org.testng.SuiteRunnerWorker.run(SuiteRunnerWorker.java:96)
	at org.testng.TestNG.runSuitesSequentially(TestNG.java:1212)
	at org.testng.TestNG.runSuitesLocally(TestNG.java:1134)
	at org.testng.TestNG.runSuites(TestNG.java:1063)
	at org.testng.TestNG.run(TestNG.java:1031)
	at org.testng.remote.AbstractRemoteTestNG.run(AbstractRemoteTestNG.java:115)
	at org.testng.remote.RemoteTestNG.initAndRun(RemoteTestNG.java:293)
	at org.testng.remote.RemoteTestNG.main(RemoteTestNG.java:91)
</pre></div></td>
<td>12</td>
<td>org.testingworldautomation.TestingWorldSite@1f9e9475</td></tr>
<tr>
<td title='org.xyz.automation.uo.FirstAutomation.validate_signupfunc()'><b>validate_signupfunc</b><br>Test class: org.xyz.automation.uo.FirstAutomation</td>
<td><div><pre>org.openqa.selenium.NoSuchElementException: no such element: Unable to locate element: {&quot;method&quot;:&quot;xpath&quot;,&quot;selector&quot;:&quot;//a[@role=&apos;button&apos; and @rel=&apos;async&apos;]&quot;}
  (Session info: chrome=128.0.6613.137)
For documentation on this error, please visit: https://www.selenium.dev/documentation/webdriver/troubleshooting/errors#no-such-element-exception
Build info: version: &apos;4.25.0&apos;, revision: &apos;8a8aea2337&apos;
System info: os.name: &apos;Windows 11&apos;, os.arch: &apos;amd64&apos;, os.version: &apos;10.0&apos;, java.version: &apos;22.0.2&apos;
Driver info: org.openqa.selenium.chrome.ChromeDriver
Command: [137c326bcff6d2809e2a64e3f99d2e27, findElement {value=//a[@role=&apos;button&apos; and @rel=&apos;async&apos;], using=xpath}]
Capabilities {acceptInsecureCerts: false, browserName: chrome, browserVersion: 128.0.6613.137, chrome: {chromedriverVersion: 128.0.6613.137 (fe621c5aa2d..., userDataDir: C:\Users\Naimu\AppData\Loca...}, fedcm:accounts: true, goog:chromeOptions: {debuggerAddress: localhost:65209}, networkConnectionEnabled: false, pageLoadStrategy: normal, platformName: windows, proxy: Proxy(), se:cdp: ws://localhost:65209/devtoo..., se:cdpVersion: 128.0.6613.137, setWindowRect: true, strictFileInteractability: false, timeouts: {implicit: 0, pageLoad: 300000, script: 30000}, unhandledPromptBehavior: dismiss and notify, webauthn:extension:credBlob: true, webauthn:extension:largeBlob: true, webauthn:extension:minPinLength: true, webauthn:extension:prf: true, webauthn:virtualAuthenticators: true}
Session ID: 137c326bcff6d2809e2a64e3f99d2e27
	at org.openqa.selenium.remote.ErrorCodec.decode(ErrorCodec.java:167)
	at org.openqa.selenium.remote.codec.w3c.W3CHttpResponseCodec.decode(W3CHttpResponseCodec.java:138)
	at org.openqa.selenium.remote.codec.w3c.W3CHttpResponseCodec.decode(W3CHttpResponseCodec.java:50)
	at org.openqa.selenium.remote.HttpCommandExecutor.execute(HttpCommandExecutor.java:190)
	at org.openqa.selenium.remote.service.DriverCommandExecutor.invokeExecute(DriverCommandExecutor.java:216)
	at org.openqa.selenium.remote.service.DriverCommandExecutor.execute(DriverCommandExecutor.java:174)
	at org.openqa.selenium.remote.RemoteWebDriver.execute(RemoteWebDriver.java:545)
	at org.openqa.selenium.remote.ElementLocation$ElementFinder$2.findElement(ElementLocation.java:165)
	at org.openqa.selenium.remote.ElementLocation.findElement(ElementLocation.java:59)
	at org.openqa.selenium.remote.RemoteWebDriver.findElement(RemoteWebDriver.java:368)
	at org.openqa.selenium.remote.RemoteWebDriver.findElement(RemoteWebDriver.java:362)
	at org.xyz.automation.uo.FirstAutomation.validate_signupfunc(FirstAutomation.java:48)
	at java.base/java.util.ArrayList.forEach(ArrayList.java:1597)
... Removed 28 stack frames</pre></div><a href='#' onClick='toggleBox("stack-trace539857462", this, "Click to show all stack frames", "Click to hide stack frames")'>Click to show all stack frames</a>
<div class='stack-trace' id='stack-trace539857462'><pre>org.openqa.selenium.NoSuchElementException: no such element: Unable to locate element: {&quot;method&quot;:&quot;xpath&quot;,&quot;selector&quot;:&quot;//a[@role=&apos;button&apos; and @rel=&apos;async&apos;]&quot;}
  (Session info: chrome=128.0.6613.137)
For documentation on this error, please visit: https://www.selenium.dev/documentation/webdriver/troubleshooting/errors#no-such-element-exception
Build info: version: &apos;4.25.0&apos;, revision: &apos;8a8aea2337&apos;
System info: os.name: &apos;Windows 11&apos;, os.arch: &apos;amd64&apos;, os.version: &apos;10.0&apos;, java.version: &apos;22.0.2&apos;
Driver info: org.openqa.selenium.chrome.ChromeDriver
Command: [137c326bcff6d2809e2a64e3f99d2e27, findElement {value=//a[@role=&apos;button&apos; and @rel=&apos;async&apos;], using=xpath}]
Capabilities {acceptInsecureCerts: false, browserName: chrome, browserVersion: 128.0.6613.137, chrome: {chromedriverVersion: 128.0.6613.137 (fe621c5aa2d..., userDataDir: C:\Users\Naimu\AppData\Loca...}, fedcm:accounts: true, goog:chromeOptions: {debuggerAddress: localhost:65209}, networkConnectionEnabled: false, pageLoadStrategy: normal, platformName: windows, proxy: Proxy(), se:cdp: ws://localhost:65209/devtoo..., se:cdpVersion: 128.0.6613.137, setWindowRect: true, strictFileInteractability: false, timeouts: {implicit: 0, pageLoad: 300000, script: 30000}, unhandledPromptBehavior: dismiss and notify, webauthn:extension:credBlob: true, webauthn:extension:largeBlob: true, webauthn:extension:minPinLength: true, webauthn:extension:prf: true, webauthn:virtualAuthenticators: true}
Session ID: 137c326bcff6d2809e2a64e3f99d2e27
	at java.base/jdk.internal.reflect.DirectConstructorHandleAccessor.newInstance(DirectConstructorHandleAccessor.java:62)
	at java.base/java.lang.reflect.Constructor.newInstanceWithCaller(Constructor.java:502)
	at java.base/java.lang.reflect.Constructor.newInstance(Constructor.java:486)
	at org.openqa.selenium.remote.ErrorCodec.decode(ErrorCodec.java:167)
	at org.openqa.selenium.remote.codec.w3c.W3CHttpResponseCodec.decode(W3CHttpResponseCodec.java:138)
	at org.openqa.selenium.remote.codec.w3c.W3CHttpResponseCodec.decode(W3CHttpResponseCodec.java:50)
	at org.openqa.selenium.remote.HttpCommandExecutor.execute(HttpCommandExecutor.java:190)
	at org.openqa.selenium.remote.service.DriverCommandExecutor.invokeExecute(DriverCommandExecutor.java:216)
	at org.openqa.selenium.remote.service.DriverCommandExecutor.execute(DriverCommandExecutor.java:174)
	at org.openqa.selenium.remote.RemoteWebDriver.execute(RemoteWebDriver.java:545)
	at org.openqa.selenium.remote.ElementLocation$ElementFinder$2.findElement(ElementLocation.java:165)
	at org.openqa.selenium.remote.ElementLocation.findElement(ElementLocation.java:59)
	at org.openqa.selenium.remote.RemoteWebDriver.findElement(RemoteWebDriver.java:368)
	at org.openqa.selenium.remote.RemoteWebDriver.findElement(RemoteWebDriver.java:362)
	at org.xyz.automation.uo.FirstAutomation.validate_signupfunc(FirstAutomation.java:48)
	at java.base/jdk.internal.reflect.DirectMethodHandleAccessor.invoke(DirectMethodHandleAccessor.java:103)
	at java.base/java.lang.reflect.Method.invoke(Method.java:580)
	at org.testng.internal.MethodInvocationHelper.invokeMethod(MethodInvocationHelper.java:133)
	at org.testng.internal.TestInvoker.invokeMethod(TestInvoker.java:598)
	at org.testng.internal.TestInvoker.invokeTestMethod(TestInvoker.java:173)
	at org.testng.internal.MethodRunner.runInSequence(MethodRunner.java:46)
	at org.testng.internal.TestInvoker$MethodInvocationAgent.invoke(TestInvoker.java:824)
	at org.testng.internal.TestInvoker.invokeTestMethods(TestInvoker.java:146)
	at org.testng.internal.TestMethodWorker.invokeTestMethods(TestMethodWorker.java:146)
	at org.testng.internal.TestMethodWorker.run(TestMethodWorker.java:128)
	at java.base/java.util.ArrayList.forEach(ArrayList.java:1597)
	at org.testng.TestRunner.privateRun(TestRunner.java:794)
	at org.testng.TestRunner.run(TestRunner.java:596)
	at org.testng.SuiteRunner.runTest(SuiteRunner.java:377)
	at org.testng.SuiteRunner.runSequentially(SuiteRunner.java:371)
	at org.testng.SuiteRunner.privateRun(SuiteRunner.java:332)
	at org.testng.SuiteRunner.run(SuiteRunner.java:276)
	at org.testng.SuiteRunnerWorker.runSuite(SuiteRunnerWorker.java:53)
	at org.testng.SuiteRunnerWorker.run(SuiteRunnerWorker.java:96)
	at org.testng.TestNG.runSuitesSequentially(TestNG.java:1212)
	at org.testng.TestNG.runSuitesLocally(TestNG.java:1134)
	at org.testng.TestNG.runSuites(TestNG.java:1063)
	at org.testng.TestNG.run(TestNG.java:1031)
	at org.testng.remote.AbstractRemoteTestNG.run(AbstractRemoteTestNG.java:115)
	at org.testng.remote.RemoteTestNG.initAndRun(RemoteTestNG.java:293)
	at org.testng.remote.RemoteTestNG.main(RemoteTestNG.java:91)
</pre></div></td>
<td>1</td>
<td>org.xyz.automation.uo.FirstAutomation@29f7cefd</td></tr>
<tr>
<td title='testNGDemo.TestScenario4.sixth_testcase()'><b>sixth_testcase</b><br>Test class: testNGDemo.TestScenario4</td>
<td><div><pre>java.lang.AssertionError: expected [Hello1] but found [Hello]
	at testNGDemo.TestScenario4.sixth_testcase(TestScenario4.java:42)
	at java.base/java.util.ArrayList.forEach(ArrayList.java:1597)
... Removed 31 stack frames</pre></div><a href='#' onClick='toggleBox("stack-trace1558103808", this, "Click to show all stack frames", "Click to hide stack frames")'>Click to show all stack frames</a>
<div class='stack-trace' id='stack-trace1558103808'><pre>java.lang.AssertionError: expected [Hello1] but found [Hello]
	at org.testng.Assert.fail(Assert.java:99)
	at org.testng.Assert.failNotEquals(Assert.java:1037)
	at org.testng.Assert.assertEqualsImpl(Assert.java:140)
	at org.testng.Assert.assertEquals(Assert.java:122)
	at org.testng.Assert.assertEquals(Assert.java:629)
	at org.testng.Assert.assertEquals(Assert.java:639)
	at testNGDemo.TestScenario4.sixth_testcase(TestScenario4.java:42)
	at java.base/jdk.internal.reflect.DirectMethodHandleAccessor.invoke(DirectMethodHandleAccessor.java:103)
	at java.base/java.lang.reflect.Method.invoke(Method.java:580)
	at org.testng.internal.MethodInvocationHelper.invokeMethod(MethodInvocationHelper.java:133)
	at org.testng.internal.TestInvoker.invokeMethod(TestInvoker.java:598)
	at org.testng.internal.TestInvoker.invokeTestMethod(TestInvoker.java:173)
	at org.testng.internal.MethodRunner.runInSequence(MethodRunner.java:46)
	at org.testng.internal.TestInvoker$MethodInvocationAgent.invoke(TestInvoker.java:824)
	at org.testng.internal.TestInvoker.invokeTestMethods(TestInvoker.java:146)
	at org.testng.internal.TestMethodWorker.invokeTestMethods(TestMethodWorker.java:146)
	at org.testng.internal.TestMethodWorker.run(TestMethodWorker.java:128)
	at java.base/java.util.ArrayList.forEach(ArrayList.java:1597)
	at org.testng.TestRunner.privateRun(TestRunner.java:794)
	at org.testng.TestRunner.run(TestRunner.java:596)
	at org.testng.SuiteRunner.runTest(SuiteRunner.java:377)
	at org.testng.SuiteRunner.runSequentially(SuiteRunner.java:371)
	at org.testng.SuiteRunner.privateRun(SuiteRunner.java:332)
	at org.testng.SuiteRunner.run(SuiteRunner.java:276)
	at org.testng.SuiteRunnerWorker.runSuite(SuiteRunnerWorker.java:53)
	at org.testng.SuiteRunnerWorker.run(SuiteRunnerWorker.java:96)
	at org.testng.TestNG.runSuitesSequentially(TestNG.java:1212)
	at org.testng.TestNG.runSuitesLocally(TestNG.java:1134)
	at org.testng.TestNG.runSuites(TestNG.java:1063)
	at org.testng.TestNG.run(TestNG.java:1031)
	at org.testng.remote.AbstractRemoteTestNG.run(AbstractRemoteTestNG.java:115)
	at org.testng.remote.RemoteTestNG.initAndRun(RemoteTestNG.java:293)
	at org.testng.remote.RemoteTestNG.main(RemoteTestNG.java:91)
</pre></div></td>
<td>0</td>
<td>testNGDemo.TestScenario4@7dfd3c81</td></tr>
</table><p>
<table width='100%' border='1' class='invocation-passed'>
<tr><td colspan='4' align='center'><b>PASSED TESTS</b></td></tr>
<tr><td><b>Test method</b></td>
<td width="30%"><b>Exception</b></td>
<td width="10%"><b>Time (seconds)</b></td>
<td><b>Instance</b></td>
</tr>
<tr>
<td title='testNGDemo.TestScenario7.sixth_testcase()'><b>sixth_testcase</b><br>Test class: testNGDemo.TestScenario7</td>
<td></td>
<td>0</td>
<td>testNGDemo.TestScenario7@6f43c82</td></tr>
<tr>
<td title='testNGDemo.TestScenario1.seventh_testcase()'><b>seventh_testcase</b><br>Test class: testNGDemo.TestScenario1</td>
<td></td>
<td>0</td>
<td>testNGDemo.TestScenario1@6933b6c6</td></tr>
<tr>
<td title='org.testingworldautomation.TestingWorldSiteTwo.registration_page()'><b>registration_page</b><br>Test class: org.testingworldautomation.TestingWorldSiteTwo</td>
<td></td>
<td>8</td>
<td>org.testingworldautomation.TestingWorldSiteTwo@3b35a229</td></tr>
<tr>
<td title='testNGDemo.TestScenario4.third_testcase()'><b>third_testcase</b><br>Test class: testNGDemo.TestScenario4</td>
<td></td>
<td>0</td>
<td>testNGDemo.TestScenario4@7dfd3c81</td></tr>
<tr>
<td title='testNGDemo.TestScenario3.seventh_testcase()'><b>seventh_testcase</b><br>Test class: testNGDemo.TestScenario3</td>
<td></td>
<td>0</td>
<td>testNGDemo.TestScenario3@2584b82d</td></tr>
<tr>
<td title='testNGDemo.TestScenario8.first_testcase()'><b>first_testcase</b><br>Test class: testNGDemo.TestScenario8</td>
<td></td>
<td>0</td>
<td>testNGDemo.TestScenario8@1224144a</td></tr>
<tr>
<td title='testNGDemo.TestScenario8.sixth_testcase()'><b>sixth_testcase</b><br>Test class: testNGDemo.TestScenario8</td>
<td></td>
<td>0</td>
<td>testNGDemo.TestScenario8@1224144a</td></tr>
<tr>
<td title='testNGDemo.TestScenario4.second_testcase()'><b>second_testcase</b><br>Test class: testNGDemo.TestScenario4</td>
<td></td>
<td>0</td>
<td>testNGDemo.TestScenario4@7dfd3c81</td></tr>
<tr>
<td title='testNGDemo.TestScenario9.second_testcase()'><b>second_testcase</b><br>Test class: testNGDemo.TestScenario9</td>
<td></td>
<td>0</td>
<td>testNGDemo.TestScenario9@f58853c</td></tr>
<tr>
<td title='testNGDemo.TestScenario2.second_testcase()'><b>second_testcase</b><br>Test class: testNGDemo.TestScenario2</td>
<td></td>
<td>0</td>
<td>testNGDemo.TestScenario2@7bbc8656</td></tr>
<tr>
<td title='testNGDemo.TestScenario3.sixth_testcase()'><b>sixth_testcase</b><br>Test class: testNGDemo.TestScenario3</td>
<td></td>
<td>0</td>
<td>testNGDemo.TestScenario3@2584b82d</td></tr>
<tr>
<td title='testNGDemo.TestScenario4.fifth_testcase()'><b>fifth_testcase</b><br>Test class: testNGDemo.TestScenario4</td>
<td></td>
<td>0</td>
<td>testNGDemo.TestScenario4@7dfd3c81</td></tr>
<tr>
<td title='testNGDemo.TestScenario3.fifth_testcase()'><b>fifth_testcase</b><br>Test class: testNGDemo.TestScenario3</td>
<td></td>
<td>0</td>
<td>testNGDemo.TestScenario3@2584b82d</td></tr>
<tr>
<td title='testNGDemo.TestScenario3.second_testcase()'><b>second_testcase</b><br>Test class: testNGDemo.TestScenario3</td>
<td></td>
<td>0</td>
<td>testNGDemo.TestScenario3@2584b82d</td></tr>
<tr>
<td title='testNGDemo.TestScenario7.third_testcase()'><b>third_testcase</b><br>Test class: testNGDemo.TestScenario7</td>
<td></td>
<td>0</td>
<td>testNGDemo.TestScenario7@6f43c82</td></tr>
<tr>
<td title='testNGDemo.TestScenario6.third_testcase()'><b>third_testcase</b><br>Test class: testNGDemo.TestScenario6</td>
<td></td>
<td>0</td>
<td>testNGDemo.TestScenario6@4dc27487</td></tr>
<tr>
<td title='testNGDemo.TestScenario7.first_testcase()'><b>first_testcase</b><br>Test class: testNGDemo.TestScenario7</td>
<td></td>
<td>0</td>
<td>testNGDemo.TestScenario7@6f43c82</td></tr>
<tr>
<td title='testNGDemo.TestScenario5.sixth_testcase()'><b>sixth_testcase</b><br>Test class: testNGDemo.TestScenario5</td>
<td></td>
<td>0</td>
<td>testNGDemo.TestScenario5@6a4f1a55</td></tr>
<tr>
<td title='testNGDemo.TestScenario4.seventh_testcase()'><b>seventh_testcase</b><br>Test class: testNGDemo.TestScenario4</td>
<td></td>
<td>0</td>
<td>testNGDemo.TestScenario4@7dfd3c81</td></tr>
<tr>
<td title='testNGDemo.TestScenario10.sixth_testcase()'><b>sixth_testcase</b><br>Test class: testNGDemo.TestScenario10</td>
<td></td>
<td>0</td>
<td>testNGDemo.TestScenario10@7d3e8655</td></tr>
<tr>
<td title='testNGDemo.TestScenario6.seventh_testcase()'><b>seventh_testcase</b><br>Test class: testNGDemo.TestScenario6</td>
<td></td>
<td>0</td>
<td>testNGDemo.TestScenario6@4dc27487</td></tr>
<tr>
<td title='org.xyz.automation.uo.KeyboardMouse.handleFrames()'><b>handleFrames</b><br>Test class: org.xyz.automation.uo.KeyboardMouse</td>
<td></td>
<td>3</td>
<td>org.xyz.automation.uo.KeyboardMouse@9816741</td></tr>
<tr>
<td title='testNGDemo.TestScenario2.fifth_testcase()'><b>fifth_testcase</b><br>Test class: testNGDemo.TestScenario2</td>
<td></td>
<td>0</td>
<td>testNGDemo.TestScenario2@7bbc8656</td></tr>
<tr>
<td title='testNGDemo.TestScenario6.sixth_testcase()'><b>sixth_testcase</b><br>Test class: testNGDemo.TestScenario6</td>
<td></td>
<td>0</td>
<td>testNGDemo.TestScenario6@4dc27487</td></tr>
<tr>
<td title='testNGDemo.TestScenario6.first_testcase()'><b>first_testcase</b><br>Test class: testNGDemo.TestScenario6</td>
<td></td>
<td>0</td>
<td>testNGDemo.TestScenario6@4dc27487</td></tr>
<tr>
<td title='testNGDemo.TestScenario10.fifth_testcase()'><b>fifth_testcase</b><br>Test class: testNGDemo.TestScenario10</td>
<td></td>
<td>0</td>
<td>testNGDemo.TestScenario10@7d3e8655</td></tr>
<tr>
<td title='testNGDemo.TestScenario8.second_testcase()'><b>second_testcase</b><br>Test class: testNGDemo.TestScenario8</td>
<td></td>
<td>0</td>
<td>testNGDemo.TestScenario8@1224144a</td></tr>
<tr>
<td title='testNGDemo.TestScenario5.second_testcase()'><b>second_testcase</b><br>Test class: testNGDemo.TestScenario5</td>
<td></td>
<td>0</td>
<td>testNGDemo.TestScenario5@6a4f1a55</td></tr>
<tr>
<td title='testNGDemo.TestScenario9.forth_testcase()'><b>forth_testcase</b><br>Test class: testNGDemo.TestScenario9</td>
<td></td>
<td>0</td>
<td>testNGDemo.TestScenario9@f58853c</td></tr>
<tr>
<td title='testNGDemo.TestScenario4.first_testcase()'><b>first_testcase</b><br>Test class: testNGDemo.TestScenario4</td>
<td></td>
<td>0</td>
<td>testNGDemo.TestScenario4@7dfd3c81</td></tr>
<tr>
<td title='testNGDemo.TestScenario5.forth_testcase()'><b>forth_testcase</b><br>Test class: testNGDemo.TestScenario5</td>
<td></td>
<td>0</td>
<td>testNGDemo.TestScenario5@6a4f1a55</td></tr>
<tr>
<td title='testNGDemo.TestScenario10.seventh_testcase()'><b>seventh_testcase</b><br>Test class: testNGDemo.TestScenario10</td>
<td></td>
<td>0</td>
<td>testNGDemo.TestScenario10@7d3e8655</td></tr>
<tr>
<td title='testNGDemo.TestScenario10.third_testcase()'><b>third_testcase</b><br>Test class: testNGDemo.TestScenario10</td>
<td></td>
<td>0</td>
<td>testNGDemo.TestScenario10@7d3e8655</td></tr>
<tr>
<td title='testNGDemo.TestScenario10.first_testcase()'><b>first_testcase</b><br>Test class: testNGDemo.TestScenario10</td>
<td></td>
<td>0</td>
<td>testNGDemo.TestScenario10@7d3e8655</td></tr>
<tr>
<td title='testNGDemo.TestScenario1.third_testcase()'><b>third_testcase</b><br>Test class: testNGDemo.TestScenario1</td>
<td></td>
<td>0</td>
<td>testNGDemo.TestScenario1@6933b6c6</td></tr>
<tr>
<td title='testNGDemo.TestScenario6.second_testcase()'><b>second_testcase</b><br>Test class: testNGDemo.TestScenario6</td>
<td></td>
<td>0</td>
<td>testNGDemo.TestScenario6@4dc27487</td></tr>
<tr>
<td title='testNGDemo.TestScenario6.forth_testcase()'><b>forth_testcase</b><br>Test class: testNGDemo.TestScenario6</td>
<td></td>
<td>0</td>
<td>testNGDemo.TestScenario6@4dc27487</td></tr>
<tr>
<td title='testNGDemo.TestScenario2.forth_testcase()'><b>forth_testcase</b><br>Test class: testNGDemo.TestScenario2</td>
<td></td>
<td>0</td>
<td>testNGDemo.TestScenario2@7bbc8656</td></tr>
<tr>
<td title='testNGDemo.TestScenario9.third_testcase()'><b>third_testcase</b><br>Test class: testNGDemo.TestScenario9</td>
<td></td>
<td>0</td>
<td>testNGDemo.TestScenario9@f58853c</td></tr>
<tr>
<td title='testNGDemo.TestScenario10.second_testcase()'><b>second_testcase</b><br>Test class: testNGDemo.TestScenario10</td>
<td></td>
<td>0</td>
<td>testNGDemo.TestScenario10@7d3e8655</td></tr>
<tr>
<td title='org.xyz.automation.uo.FirstAutomation.validate_loginfunc()'><b>validate_loginfunc</b><br>Test class: org.xyz.automation.uo.FirstAutomation</td>
<td></td>
<td>0</td>
<td>org.xyz.automation.uo.FirstAutomation@29f7cefd</td></tr>
<tr>
<td title='testNGDemo.TestScenario6.fifth_testcase()'><b>fifth_testcase</b><br>Test class: testNGDemo.TestScenario6</td>
<td></td>
<td>0</td>
<td>testNGDemo.TestScenario6@4dc27487</td></tr>
<tr>
<td title='testNGDemo.TestScenario4.forth_testcase()'><b>forth_testcase</b><br>Test class: testNGDemo.TestScenario4</td>
<td></td>
<td>0</td>
<td>testNGDemo.TestScenario4@7dfd3c81</td></tr>
<tr>
<td title='testNGDemo.TestScenario2.first_testcase()'><b>first_testcase</b><br>Test class: testNGDemo.TestScenario2</td>
<td></td>
<td>0</td>
<td>testNGDemo.TestScenario2@7bbc8656</td></tr>
<tr>
<td title='testNGDemo.TestScenario2.third_testcase()'><b>third_testcase</b><br>Test class: testNGDemo.TestScenario2</td>
<td></td>
<td>0</td>
<td>testNGDemo.TestScenario2@7bbc8656</td></tr>
<tr>
<td title='testNGDemo.TestScenario5.fifth_testcase()'><b>fifth_testcase</b><br>Test class: testNGDemo.TestScenario5</td>
<td></td>
<td>0</td>
<td>testNGDemo.TestScenario5@6a4f1a55</td></tr>
<tr>
<td title='testNGDemo.TestScenario9.fifth_testcase()'><b>fifth_testcase</b><br>Test class: testNGDemo.TestScenario9</td>
<td></td>
<td>0</td>
<td>testNGDemo.TestScenario9@f58853c</td></tr>
<tr>
<td title='testNGDemo.TestScenario8.forth_testcase()'><b>forth_testcase</b><br>Test class: testNGDemo.TestScenario8</td>
<td></td>
<td>0</td>
<td>testNGDemo.TestScenario8@1224144a</td></tr>
<tr>
<td title='org.demoqasite.TestingDemoQaSite.homePage()'><b>homePage</b><br>Test class: org.demoqasite.TestingDemoQaSite</td>
<td></td>
<td>4</td>
<td>org.demoqasite.TestingDemoQaSite@1e16c0aa</td></tr>
<tr>
<td title='testNGDemo.TestScenario1.sixth_testcase()'><b>sixth_testcase</b><br>Test class: testNGDemo.TestScenario1</td>
<td></td>
<td>0</td>
<td>testNGDemo.TestScenario1@6933b6c6</td></tr>
<tr>
<td title='testNGDemo.TestScenario8.fifth_testcase()'><b>fifth_testcase</b><br>Test class: testNGDemo.TestScenario8</td>
<td></td>
<td>0</td>
<td>testNGDemo.TestScenario8@1224144a</td></tr>
<tr>
<td title='testNGDemo.TestScenario7.forth_testcase()'><b>forth_testcase</b><br>Test class: testNGDemo.TestScenario7</td>
<td></td>
<td>0</td>
<td>testNGDemo.TestScenario7@6f43c82</td></tr>
<tr>
<td title='testNGDemo.TestScenario7.second_testcase()'><b>second_testcase</b><br>Test class: testNGDemo.TestScenario7</td>
<td></td>
<td>0</td>
<td>testNGDemo.TestScenario7@6f43c82</td></tr>
<tr>
<td title='org.testingworldautomation.FetchDataCompare.login_page()'><b>login_page</b><br>Test class: org.testingworldautomation.FetchDataCompare</td>
<td></td>
<td>2</td>
<td>org.testingworldautomation.FetchDataCompare@13d73f29</td></tr>
<tr>
<td title='testNGDemo.TestScenario10.forth_testcase()'><b>forth_testcase</b><br>Test class: testNGDemo.TestScenario10</td>
<td></td>
<td>0</td>
<td>testNGDemo.TestScenario10@7d3e8655</td></tr>
<tr>
<td title='testNGDemo.TestScenario9.sixth_testcase()'><b>sixth_testcase</b><br>Test class: testNGDemo.TestScenario9</td>
<td></td>
<td>0</td>
<td>testNGDemo.TestScenario9@f58853c</td></tr>
<tr>
<td title='testNGDemo.TestScenario5.third_testcase()'><b>third_testcase</b><br>Test class: testNGDemo.TestScenario5</td>
<td></td>
<td>0</td>
<td>testNGDemo.TestScenario5@6a4f1a55</td></tr>
<tr>
<td title='testNGDemo.TestScenario2.seventh_testcase()'><b>seventh_testcase</b><br>Test class: testNGDemo.TestScenario2</td>
<td></td>
<td>0</td>
<td>testNGDemo.TestScenario2@7bbc8656</td></tr>
<tr>
<td title='testNGDemo.TestScenario9.seventh_testcase()'><b>seventh_testcase</b><br>Test class: testNGDemo.TestScenario9</td>
<td></td>
<td>0</td>
<td>testNGDemo.TestScenario9@f58853c</td></tr>
<tr>
<td title='testNGDemo.TestScenario8.seventh_testcase()'><b>seventh_testcase</b><br>Test class: testNGDemo.TestScenario8</td>
<td></td>
<td>0</td>
<td>testNGDemo.TestScenario8@1224144a</td></tr>
<tr>
<td title='testNGDemo.TestScenario3.forth_testcase()'><b>forth_testcase</b><br>Test class: testNGDemo.TestScenario3</td>
<td></td>
<td>0</td>
<td>testNGDemo.TestScenario3@2584b82d</td></tr>
<tr>
<td title='testNGDemo.TestScenario3.first_testcase()'><b>first_testcase</b><br>Test class: testNGDemo.TestScenario3</td>
<td></td>
<td>0</td>
<td>testNGDemo.TestScenario3@2584b82d</td></tr>
<tr>
<td title='testNGDemo.TestScenario7.fifth_testcase()'><b>fifth_testcase</b><br>Test class: testNGDemo.TestScenario7</td>
<td></td>
<td>0</td>
<td>testNGDemo.TestScenario7@6f43c82</td></tr>
<tr>
<td title='testNGDemo.TestScenario1.fifth_testcase()'><b>fifth_testcase</b><br>Test class: testNGDemo.TestScenario1</td>
<td></td>
<td>0</td>
<td>testNGDemo.TestScenario1@6933b6c6</td></tr>
<tr>
<td title='testNGDemo.TestScenario8.third_testcase()'><b>third_testcase</b><br>Test class: testNGDemo.TestScenario8</td>
<td></td>
<td>0</td>
<td>testNGDemo.TestScenario8@1224144a</td></tr>
<tr>
<td title='testNGDemo.TestScenario1.second_testcase()'><b>second_testcase</b><br>Test class: testNGDemo.TestScenario1</td>
<td></td>
<td>0</td>
<td>testNGDemo.TestScenario1@6933b6c6</td></tr>
<tr>
<td title='testNGDemo.TestScenario3.third_testcase()'><b>third_testcase</b><br>Test class: testNGDemo.TestScenario3</td>
<td></td>
<td>0</td>
<td>testNGDemo.TestScenario3@2584b82d</td></tr>
<tr>
<td title='firstpkg.TestNGDemo.meth1()'><b>meth1</b><br>Test class: firstpkg.TestNGDemo</td>
<td></td>
<td>0</td>
<td>firstpkg.TestNGDemo@700fb871</td></tr>
<tr>
<td title='testNGDemo.TestScenario9.first_testcase()'><b>first_testcase</b><br>Test class: testNGDemo.TestScenario9</td>
<td></td>
<td>0</td>
<td>testNGDemo.TestScenario9@f58853c</td></tr>
<tr>
<td title='testNGDemo.TestScenario5.seventh_testcase()'><b>seventh_testcase</b><br>Test class: testNGDemo.TestScenario5</td>
<td></td>
<td>0</td>
<td>testNGDemo.TestScenario5@6a4f1a55</td></tr>
<tr>
<td title='testNGDemo.TestScenario5.first_testcase()'><b>first_testcase</b><br>Test class: testNGDemo.TestScenario5</td>
<td></td>
<td>0</td>
<td>testNGDemo.TestScenario5@6a4f1a55</td></tr>
</table><p>
</body>
</html>