<?xml version="1.0" encoding="UTF-8"?>
<!-- Generated by org.testng.reporters.JUnitXMLReporter -->
<testsuite ignored="5" hostname="Naimul" failures="7" tests="78" name="Test" time="46.191" errors="0" timestamp="2024-10-09T02:13:32 EDT">
  <testcase classname="testNGDemo.TestScenario7" name="fifth_testcase" time="0.007"/>
  <testcase classname="testNGDemo.TestScenario7" name="first_testcase" time="0.0"/>
  <testcase classname="testNGDemo.TestScenario7" name="forth_testcase" time="0.001"/>
  <testcase classname="testNGDemo.TestScenario7" name="second_testcase" time="0.0"/>
  <testcase classname="testNGDemo.TestScenario7" name="seventh_testcase" time="0.003">
    <failure type="java.lang.AssertionError" message="expected [Hello2] but found [Hello]">
      <![CDATA[java.lang.AssertionError: expected [Hello2] but found [Hello]
at testNGDemo.TestScenario7.seventh_testcase(TestScenario7.java:48)
at java.base/java.util.ArrayList.forEach(ArrayList.java:1597)
... Removed 31 stack frames]]>
    </failure>
  </testcase> <!-- seventh_testcase -->
  <testcase classname="testNGDemo.TestScenario7" name="sixth_testcase" time="0.002"/>
  <testcase classname="testNGDemo.TestScenario7" name="third_testcase" time="0.002"/>
  <testcase classname="testNGDemo.TestScenario6" name="fifth_testcase" time="0.002"/>
  <testcase classname="testNGDemo.TestScenario6" name="first_testcase" time="0.001"/>
  <testcase classname="testNGDemo.TestScenario6" name="forth_testcase" time="0.0"/>
  <testcase classname="testNGDemo.TestScenario6" name="second_testcase" time="0.001"/>
  <testcase classname="testNGDemo.TestScenario6" name="seventh_testcase" time="0.001"/>
  <testcase classname="testNGDemo.TestScenario6" name="sixth_testcase" time="0.0"/>
  <testcase classname="testNGDemo.TestScenario6" name="third_testcase" time="0.001"/>
  <testcase classname="testNGDemo.TestScenario5" name="fifth_testcase" time="0.001"/>
  <testcase classname="testNGDemo.TestScenario5" name="first_testcase" time="0.001"/>
  <testcase classname="testNGDemo.TestScenario5" name="forth_testcase" time="0.001"/>
  <testcase classname="testNGDemo.TestScenario5" name="second_testcase" time="0.001"/>
  <testcase classname="testNGDemo.TestScenario5" name="seventh_testcase" time="0.001"/>
  <testcase classname="testNGDemo.TestScenario5" name="sixth_testcase" time="0.001"/>
  <testcase classname="testNGDemo.TestScenario5" name="third_testcase" time="0.0"/>
  <testcase classname="testNGDemo.TestScenario4" name="fifth_testcase" time="0.001"/>
  <testcase classname="testNGDemo.TestScenario4" name="first_testcase" time="0.0"/>
  <testcase classname="testNGDemo.TestScenario4" name="forth_testcase" time="0.001"/>
  <testcase classname="testNGDemo.TestScenario4" name="second_testcase" time="0.001"/>
  <testcase classname="testNGDemo.TestScenario4" name="seventh_testcase" time="0.001"/>
  <testcase classname="testNGDemo.TestScenario4" name="sixth_testcase" time="0.001">
    <failure type="java.lang.AssertionError" message="expected [Hello1] but found [Hello]">
      <![CDATA[java.lang.AssertionError: expected [Hello1] but found [Hello]
at testNGDemo.TestScenario4.sixth_testcase(TestScenario4.java:42)
at java.base/java.util.ArrayList.forEach(ArrayList.java:1597)
... Removed 31 stack frames]]>
    </failure>
  </testcase> <!-- sixth_testcase -->
  <testcase classname="testNGDemo.TestScenario4" name="third_testcase" time="0.001"/>
  <testcase classname="testNGDemo.TestScenario3" name="fifth_testcase" time="0.001"/>
  <testcase classname="testNGDemo.TestScenario3" name="first_testcase" time="0.001"/>
  <testcase classname="testNGDemo.TestScenario3" name="forth_testcase" time="0.001"/>
  <testcase classname="testNGDemo.TestScenario3" name="second_testcase" time="0.001"/>
  <testcase classname="testNGDemo.TestScenario3" name="seventh_testcase" time="0.001"/>
  <testcase classname="testNGDemo.TestScenario3" name="sixth_testcase" time="0.0"/>
  <testcase classname="testNGDemo.TestScenario3" name="third_testcase" time="0.001"/>
  <testcase classname="testNGDemo.TestScenario2" name="fifth_testcase" time="0.001"/>
  <testcase classname="testNGDemo.TestScenario2" name="first_testcase" time="0.0"/>
  <testcase classname="testNGDemo.TestScenario2" name="forth_testcase" time="0.0"/>
  <testcase classname="testNGDemo.TestScenario2" name="second_testcase" time="0.001"/>
  <testcase classname="testNGDemo.TestScenario2" name="seventh_testcase" time="0.001"/>
  <testcase classname="testNGDemo.TestScenario2" name="sixth_testcase" time="0.0">
    <failure type="java.lang.AssertionError" message="expected [Hello1] but found [Hello]">
      <![CDATA[java.lang.AssertionError: expected [Hello1] but found [Hello]
at testNGDemo.TestScenario2.sixth_testcase(TestScenario2.java:42)
at java.base/java.util.ArrayList.forEach(ArrayList.java:1597)
... Removed 31 stack frames]]>
    </failure>
  </testcase> <!-- sixth_testcase -->
  <testcase classname="testNGDemo.TestScenario2" name="third_testcase" time="0.001"/>
  <testcase classname="testNGDemo.TestScenario1" name="seventh_testcase" time="0.001"/>
  <testcase classname="testNGDemo.TestScenario1" name="sixth_testcase" time="0.0"/>
  <testcase classname="testNGDemo.TestScenario1" name="first_testcase" time="0.001">
    <failure type="java.lang.AssertionError" message="thhis validation failed expected [false] but found [true]">
      <![CDATA[java.lang.AssertionError: thhis validation failed expected [false] but found [true]
at testNGDemo.TestScenario1.first_testcase(TestScenario1.java:14)
at java.base/java.util.ArrayList.forEach(ArrayList.java:1597)
... Removed 30 stack frames]]>
    </failure>
  </testcase> <!-- first_testcase -->
  <testcase classname="testNGDemo.TestScenario1" name="second_testcase" time="0.0"/>
  <testcase classname="testNGDemo.TestScenario1" name="third_testcase" time="0.001"/>
  <testcase classname="testNGDemo.TestScenario1" name="fifth_testcase" time="0.0"/>
  <testcase classname="testNGDemo.TestScenario10" name="fifth_testcase" time="0.001"/>
  <testcase classname="testNGDemo.TestScenario10" name="first_testcase" time="0.001"/>
  <testcase classname="testNGDemo.TestScenario10" name="forth_testcase" time="0.001"/>
  <testcase classname="testNGDemo.TestScenario10" name="second_testcase" time="0.0"/>
  <testcase classname="testNGDemo.TestScenario10" name="seventh_testcase" time="0.001"/>
  <testcase classname="testNGDemo.TestScenario10" name="sixth_testcase" time="0.001"/>
  <testcase classname="testNGDemo.TestScenario10" name="third_testcase" time="0.001"/>
  <testcase classname="org.testingworldautomation.TestingWorldSite" name="login_page" time="2.362">
    <failure type="org.openqa.selenium.ElementNotInteractableException" message="element not interactable
  (Session info: chrome=128.0.6613.137)
Build info: version: &amp;apos;4.25.0&amp;apos;, revision: &amp;apos;8a8aea2337&amp;apos;
System info: os.name: &amp;apos;Windows 11&amp;apos;, os.arch: &amp;apos;amd64&amp;apos;, os.version: &amp;apos;10.0&amp;apos;, java.version: &amp;apos;22.0.2&amp;apos;
Driver info: org.openqa.selenium.chrome.ChromeDriver
Command: [be0e8809adebe4841c31d5daefbfe6c4, clickElement {id=f.20A5A1E1F03550DF5D8D649A9B4E51C0.d.36AB685C5264737C2ACF16559932E30F.e.51}]
Capabilities {acceptInsecureCerts: false, browserName: chrome, browserVersion: 128.0.6613.137, chrome: {chromedriverVersion: 128.0.6613.137 (fe621c5aa2d..., userDataDir: C:\Users\Naimu\AppData\Loca...}, fedcm:accounts: true, goog:chromeOptions: {debuggerAddress: localhost:65084}, networkConnectionEnabled: false, pageLoadStrategy: normal, platformName: windows, proxy: Proxy(), se:cdp: ws://localhost:65084/devtoo..., se:cdpVersion: 128.0.6613.137, setWindowRect: true, strictFileInteractability: false, timeouts: {implicit: 0, pageLoad: 300000, script: 30000}, unhandledPromptBehavior: dismiss and notify, webauthn:extension:credBlob: true, webauthn:extension:largeBlob: true, webauthn:extension:minPinLength: true, webauthn:extension:prf: true, webauthn:virtualAuthenticators: true}
Element: [[ChromeDriver: chrome on windows (be0e8809adebe4841c31d5daefbfe6c4)] -&amp;gt; xpath: //input[@type=&amp;apos;submit&amp;apos;and@value=&amp;apos;Sign up&amp;apos;]]
Session ID: be0e8809adebe4841c31d5daefbfe6c4">
      <![CDATA[org.openqa.selenium.ElementNotInteractableException: element not interactable
  (Session info: chrome=128.0.6613.137)
Build info: version: '4.25.0', revision: '8a8aea2337'
System info: os.name: 'Windows 11', os.arch: 'amd64', os.version: '10.0', java.version: '22.0.2'
Driver info: org.openqa.selenium.chrome.ChromeDriver
Command: [be0e8809adebe4841c31d5daefbfe6c4, clickElement {id=f.20A5A1E1F03550DF5D8D649A9B4E51C0.d.36AB685C5264737C2ACF16559932E30F.e.51}]
Capabilities {acceptInsecureCerts: false, browserName: chrome, browserVersion: 128.0.6613.137, chrome: {chromedriverVersion: 128.0.6613.137 (fe621c5aa2d..., userDataDir: C:\Users\Naimu\AppData\Loca...}, fedcm:accounts: true, goog:chromeOptions: {debuggerAddress: localhost:65084}, networkConnectionEnabled: false, pageLoadStrategy: normal, platformName: windows, proxy: Proxy(), se:cdp: ws://localhost:65084/devtoo..., se:cdpVersion: 128.0.6613.137, setWindowRect: true, strictFileInteractability: false, timeouts: {implicit: 0, pageLoad: 300000, script: 30000}, unhandledPromptBehavior: dismiss and notify, webauthn:extension:credBlob: true, webauthn:extension:largeBlob: true, webauthn:extension:minPinLength: true, webauthn:extension:prf: true, webauthn:virtualAuthenticators: true}
Element: [[ChromeDriver: chrome on windows (be0e8809adebe4841c31d5daefbfe6c4)] -> xpath: //input[@type='submit'and@value='Sign up']]
Session ID: be0e8809adebe4841c31d5daefbfe6c4
at org.openqa.selenium.remote.ErrorCodec.decode(ErrorCodec.java:167)
at org.openqa.selenium.remote.codec.w3c.W3CHttpResponseCodec.decode(W3CHttpResponseCodec.java:138)
at org.openqa.selenium.remote.codec.w3c.W3CHttpResponseCodec.decode(W3CHttpResponseCodec.java:50)
at org.openqa.selenium.remote.HttpCommandExecutor.execute(HttpCommandExecutor.java:190)
at org.openqa.selenium.remote.service.DriverCommandExecutor.invokeExecute(DriverCommandExecutor.java:216)
at org.openqa.selenium.remote.service.DriverCommandExecutor.execute(DriverCommandExecutor.java:174)
at org.openqa.selenium.remote.RemoteWebDriver.execute(RemoteWebDriver.java:545)
at org.openqa.selenium.remote.RemoteWebElement.execute(RemoteWebElement.java:223)
at org.openqa.selenium.remote.RemoteWebElement.click(RemoteWebElement.java:76)
at org.testingworldautomation.TestingWorldSite.login_page(TestingWorldSite.java:75)
at java.base/java.util.ArrayList.forEach(ArrayList.java:1597)
... Removed 28 stack frames]]>
    </failure>
  </testcase> <!-- login_page -->
  <testcase classname="org.testingworldautomation.TestingWorldSite" name="registration_page" time="12.579">
    <failure type="org.openqa.selenium.NoSuchElementException" message="no such element: Unable to locate element: {&amp;quot;method&amp;quot;:&amp;quot;xpath&amp;quot;,&amp;quot;selector&amp;quot;:&amp;quot;//em[text()=&amp;apos;I agree with terms and conditions&amp;apos;]&amp;quot;}
  (Session info: chrome=128.0.6613.137)
For documentation on this error, please visit: https://www.selenium.dev/documentation/webdriver/troubleshooting/errors#no-such-element-exception
Build info: version: &amp;apos;4.25.0&amp;apos;, revision: &amp;apos;8a8aea2337&amp;apos;
System info: os.name: &amp;apos;Windows 11&amp;apos;, os.arch: &amp;apos;amd64&amp;apos;, os.version: &amp;apos;10.0&amp;apos;, java.version: &amp;apos;22.0.2&amp;apos;
Driver info: org.openqa.selenium.chrome.ChromeDriver
Command: [28eb6e74b04f0f1f8444ad14b035bfed, findElement {value=//em[text()=&amp;apos;I agree with terms and conditions&amp;apos;], using=xpath}]
Capabilities {acceptInsecureCerts: false, browserName: chrome, browserVersion: 128.0.6613.137, chrome: {chromedriverVersion: 128.0.6613.137 (fe621c5aa2d..., userDataDir: C:\Users\Naimu\AppData\Loca...}, fedcm:accounts: true, goog:chromeOptions: {debuggerAddress: localhost:65111}, networkConnectionEnabled: false, pageLoadStrategy: normal, platformName: windows, proxy: Proxy(), se:cdp: ws://localhost:65111/devtoo..., se:cdpVersion: 128.0.6613.137, setWindowRect: true, strictFileInteractability: false, timeouts: {implicit: 0, pageLoad: 300000, script: 30000}, unhandledPromptBehavior: dismiss and notify, webauthn:extension:credBlob: true, webauthn:extension:largeBlob: true, webauthn:extension:minPinLength: true, webauthn:extension:prf: true, webauthn:virtualAuthenticators: true}
Session ID: 28eb6e74b04f0f1f8444ad14b035bfed">
      <![CDATA[org.openqa.selenium.NoSuchElementException: no such element: Unable to locate element: {"method":"xpath","selector":"//em[text()='I agree with terms and conditions']"}
  (Session info: chrome=128.0.6613.137)
For documentation on this error, please visit: https://www.selenium.dev/documentation/webdriver/troubleshooting/errors#no-such-element-exception
Build info: version: '4.25.0', revision: '8a8aea2337'
System info: os.name: 'Windows 11', os.arch: 'amd64', os.version: '10.0', java.version: '22.0.2'
Driver info: org.openqa.selenium.chrome.ChromeDriver
Command: [28eb6e74b04f0f1f8444ad14b035bfed, findElement {value=//em[text()='I agree with terms and conditions'], using=xpath}]
Capabilities {acceptInsecureCerts: false, browserName: chrome, browserVersion: 128.0.6613.137, chrome: {chromedriverVersion: 128.0.6613.137 (fe621c5aa2d..., userDataDir: C:\Users\Naimu\AppData\Loca...}, fedcm:accounts: true, goog:chromeOptions: {debuggerAddress: localhost:65111}, networkConnectionEnabled: false, pageLoadStrategy: normal, platformName: windows, proxy: Proxy(), se:cdp: ws://localhost:65111/devtoo..., se:cdpVersion: 128.0.6613.137, setWindowRect: true, strictFileInteractability: false, timeouts: {implicit: 0, pageLoad: 300000, script: 30000}, unhandledPromptBehavior: dismiss and notify, webauthn:extension:credBlob: true, webauthn:extension:largeBlob: true, webauthn:extension:minPinLength: true, webauthn:extension:prf: true, webauthn:virtualAuthenticators: true}
Session ID: 28eb6e74b04f0f1f8444ad14b035bfed
at org.openqa.selenium.remote.ErrorCodec.decode(ErrorCodec.java:167)
at org.openqa.selenium.remote.codec.w3c.W3CHttpResponseCodec.decode(W3CHttpResponseCodec.java:138)
at org.openqa.selenium.remote.codec.w3c.W3CHttpResponseCodec.decode(W3CHttpResponseCodec.java:50)
at org.openqa.selenium.remote.HttpCommandExecutor.execute(HttpCommandExecutor.java:190)
at org.openqa.selenium.remote.service.DriverCommandExecutor.invokeExecute(DriverCommandExecutor.java:216)
at org.openqa.selenium.remote.service.DriverCommandExecutor.execute(DriverCommandExecutor.java:174)
at org.openqa.selenium.remote.RemoteWebDriver.execute(RemoteWebDriver.java:545)
at org.openqa.selenium.remote.ElementLocation$ElementFinder$2.findElement(ElementLocation.java:165)
at org.openqa.selenium.remote.ElementLocation.findElement(ElementLocation.java:59)
at org.openqa.selenium.remote.RemoteWebDriver.findElement(RemoteWebDriver.java:368)
at org.openqa.selenium.remote.RemoteWebDriver.findElement(RemoteWebDriver.java:362)
at org.testingworldautomation.TestingWorldSite.registration_page(TestingWorldSite.java:56)
at java.base/java.util.ArrayList.forEach(ArrayList.java:1597)
... Removed 28 stack frames]]>
    </failure>
  </testcase> <!-- registration_page -->
  <testcase classname="testNGDemo.TestScenario9" name="fifth_testcase" time="0.001"/>
  <testcase classname="testNGDemo.TestScenario9" name="first_testcase" time="0.001"/>
  <testcase classname="testNGDemo.TestScenario9" name="forth_testcase" time="0.001"/>
  <testcase classname="testNGDemo.TestScenario9" name="second_testcase" time="0.0"/>
  <testcase classname="testNGDemo.TestScenario9" name="seventh_testcase" time="0.0"/>
  <testcase classname="testNGDemo.TestScenario9" name="sixth_testcase" time="0.001"/>
  <testcase classname="testNGDemo.TestScenario9" name="third_testcase" time="0.001"/>
  <testcase classname="testNGDemo.TestScenario8" name="fifth_testcase" time="0.0"/>
  <testcase classname="testNGDemo.TestScenario8" name="first_testcase" time="0.001"/>
  <testcase classname="testNGDemo.TestScenario8" name="forth_testcase" time="0.001"/>
  <testcase classname="testNGDemo.TestScenario8" name="second_testcase" time="0.0"/>
  <testcase classname="testNGDemo.TestScenario8" name="seventh_testcase" time="0.0"/>
  <testcase classname="testNGDemo.TestScenario8" name="sixth_testcase" time="0.001"/>
  <testcase classname="testNGDemo.TestScenario8" name="third_testcase" time="0.001"/>
  <testcase classname="org.xyz.automation.uo.FirstAutomation" name="validate_loginfunc" time="0.336"/>
  <testcase classname="org.xyz.automation.uo.FirstAutomation" name="validate_signupfunc" time="1.502">
    <failure type="org.openqa.selenium.NoSuchElementException" message="no such element: Unable to locate element: {&amp;quot;method&amp;quot;:&amp;quot;xpath&amp;quot;,&amp;quot;selector&amp;quot;:&amp;quot;//a[@role=&amp;apos;button&amp;apos; and @rel=&amp;apos;async&amp;apos;]&amp;quot;}
  (Session info: chrome=128.0.6613.137)
For documentation on this error, please visit: https://www.selenium.dev/documentation/webdriver/troubleshooting/errors#no-such-element-exception
Build info: version: &amp;apos;4.25.0&amp;apos;, revision: &amp;apos;8a8aea2337&amp;apos;
System info: os.name: &amp;apos;Windows 11&amp;apos;, os.arch: &amp;apos;amd64&amp;apos;, os.version: &amp;apos;10.0&amp;apos;, java.version: &amp;apos;22.0.2&amp;apos;
Driver info: org.openqa.selenium.chrome.ChromeDriver
Command: [137c326bcff6d2809e2a64e3f99d2e27, findElement {value=//a[@role=&amp;apos;button&amp;apos; and @rel=&amp;apos;async&amp;apos;], using=xpath}]
Capabilities {acceptInsecureCerts: false, browserName: chrome, browserVersion: 128.0.6613.137, chrome: {chromedriverVersion: 128.0.6613.137 (fe621c5aa2d..., userDataDir: C:\Users\Naimu\AppData\Loca...}, fedcm:accounts: true, goog:chromeOptions: {debuggerAddress: localhost:65209}, networkConnectionEnabled: false, pageLoadStrategy: normal, platformName: windows, proxy: Proxy(), se:cdp: ws://localhost:65209/devtoo..., se:cdpVersion: 128.0.6613.137, setWindowRect: true, strictFileInteractability: false, timeouts: {implicit: 0, pageLoad: 300000, script: 30000}, unhandledPromptBehavior: dismiss and notify, webauthn:extension:credBlob: true, webauthn:extension:largeBlob: true, webauthn:extension:minPinLength: true, webauthn:extension:prf: true, webauthn:virtualAuthenticators: true}
Session ID: 137c326bcff6d2809e2a64e3f99d2e27">
      <![CDATA[org.openqa.selenium.NoSuchElementException: no such element: Unable to locate element: {"method":"xpath","selector":"//a[@role='button' and @rel='async']"}
  (Session info: chrome=128.0.6613.137)
For documentation on this error, please visit: https://www.selenium.dev/documentation/webdriver/troubleshooting/errors#no-such-element-exception
Build info: version: '4.25.0', revision: '8a8aea2337'
System info: os.name: 'Windows 11', os.arch: 'amd64', os.version: '10.0', java.version: '22.0.2'
Driver info: org.openqa.selenium.chrome.ChromeDriver
Command: [137c326bcff6d2809e2a64e3f99d2e27, findElement {value=//a[@role='button' and @rel='async'], using=xpath}]
Capabilities {acceptInsecureCerts: false, browserName: chrome, browserVersion: 128.0.6613.137, chrome: {chromedriverVersion: 128.0.6613.137 (fe621c5aa2d..., userDataDir: C:\Users\Naimu\AppData\Loca...}, fedcm:accounts: true, goog:chromeOptions: {debuggerAddress: localhost:65209}, networkConnectionEnabled: false, pageLoadStrategy: normal, platformName: windows, proxy: Proxy(), se:cdp: ws://localhost:65209/devtoo..., se:cdpVersion: 128.0.6613.137, setWindowRect: true, strictFileInteractability: false, timeouts: {implicit: 0, pageLoad: 300000, script: 30000}, unhandledPromptBehavior: dismiss and notify, webauthn:extension:credBlob: true, webauthn:extension:largeBlob: true, webauthn:extension:minPinLength: true, webauthn:extension:prf: true, webauthn:virtualAuthenticators: true}
Session ID: 137c326bcff6d2809e2a64e3f99d2e27
at org.openqa.selenium.remote.ErrorCodec.decode(ErrorCodec.java:167)
at org.openqa.selenium.remote.codec.w3c.W3CHttpResponseCodec.decode(W3CHttpResponseCodec.java:138)
at org.openqa.selenium.remote.codec.w3c.W3CHttpResponseCodec.decode(W3CHttpResponseCodec.java:50)
at org.openqa.selenium.remote.HttpCommandExecutor.execute(HttpCommandExecutor.java:190)
at org.openqa.selenium.remote.service.DriverCommandExecutor.invokeExecute(DriverCommandExecutor.java:216)
at org.openqa.selenium.remote.service.DriverCommandExecutor.execute(DriverCommandExecutor.java:174)
at org.openqa.selenium.remote.RemoteWebDriver.execute(RemoteWebDriver.java:545)
at org.openqa.selenium.remote.ElementLocation$ElementFinder$2.findElement(ElementLocation.java:165)
at org.openqa.selenium.remote.ElementLocation.findElement(ElementLocation.java:59)
at org.openqa.selenium.remote.RemoteWebDriver.findElement(RemoteWebDriver.java:368)
at org.openqa.selenium.remote.RemoteWebDriver.findElement(RemoteWebDriver.java:362)
at org.xyz.automation.uo.FirstAutomation.validate_signupfunc(FirstAutomation.java:48)
at java.base/java.util.ArrayList.forEach(ArrayList.java:1597)
... Removed 28 stack frames]]>
    </failure>
  </testcase> <!-- validate_signupfunc -->
  <testcase classname="firstpkg.TestNGDemo" name="meth1" time="0.001"/>
  <testcase classname="org.testingworldautomation.TestingWorldSiteTwo" name="registration_page" time="8.034"/>
  <testcase classname="org.xyz.automation.uo.KeyboardMouse" name="handleFrames" time="3.839"/>
  <testcase classname="org.demoqasite.TestingDemoQaSite" name="homePage" time="4.492"/>
  <testcase classname="org.testingworldautomation.FetchDataCompare" name="login_page" time="2.519"/>
  <testcase classname="testNGDemo.TestScenario1" name="forth_testcase" time="0.0">
    <ignored/>
  </testcase> <!-- forth_testcase -->
  <testcase classname="org.testingworldautomation.TestingWorldSiteTwo" name="login_page" time="0.0">
    <ignored/>
  </testcase> <!-- login_page -->
  <testcase classname="org.xyz.automation.uo.KeyboardMouse" name="handleAlerts" time="0.0">
    <ignored/>
  </testcase> <!-- handleAlerts -->
  <testcase classname="org.xyz.automation.uo.KeyboardMouse" name="keyboardHandle" time="0.0">
    <ignored/>
  </testcase> <!-- keyboardHandle -->
  <testcase classname="org.xyz.automation.uo.KeyboardMouse" name="mouseHandle" time="0.0">
    <ignored/>
  </testcase> <!-- mouseHandle -->
</testsuite> <!-- Test -->
